# JRE version: OpenJDK Runtime Environment Temurin-21.0.8+9 (21.0.8+9) (build 21.0.8+9-LTS)
# Java VM: OpenJDK 64-Bit Server VM Temurin-21.0.8+9 (21.0.8+9-LTS, mixed mode, emulated-client, sharing, tiered, compressed oops, compressed class ptrs, g1 gc, windows-amd64)
GC Precious Log:
 CardTable entry size: 512
 Card Set container configuration: InlinePtr #cards 4 size 8 Array Of Cards #cards 16 size 48 Howl #buckets 8 coarsen threshold 3686 Howl Bitmap #cards 512 size 80 coarsen threshold 460 Card regions per heap region 1 cards per card region 4096
 CPUs: 8 total, 8 available
 Memory: 11972M
 Large Page Support: Disabled
 NUMA Support: Disabled
 Compressed Oops: Enabled (Zero based)
 Heap Region Size: 2M
 Heap Min Capacity: 8M
 Heap Initial Capacity: 188M
 Heap Max Capacity: 2994M
 Pre-touch: Disabled
 Parallel Workers: 8
 Concurrent Workers: 2
 Concurrent Refinement Workers: 8
 Periodic GC: Disabled
Heap:
 garbage-first heap   total 104448K, used 84845K [0x0000000744e00000, 0x0000000800000000)
  region size 2048K, 26 young (53248K), 4 survivors (8192K)
 Metaspace       used 81564K, committed 82496K, reserved 1179648K
  class space    used 11736K, committed 12160K, reserved 1048576K
GC Heap History (20 events):
Event: 945.286 GC heap after
{Heap after GC invocations=26 (full 0):
 garbage-first heap   total 116736K, used 39020K [0x0000000744e00000, 0x0000000800000000)
  region size 2048K, 2 young (4096K), 2 survivors (4096K)
 Metaspace       used 79950K, committed 80768K, reserved 1179648K
  class space    used 11581K, committed 11968K, reserved 1048576K
}
Event: 1775.264 GC heap before
{Heap before GC invocations=26 (full 0):
 garbage-first heap   total 116736K, used 102508K [0x0000000744e00000, 0x0000000800000000)
  region size 2048K, 33 young (67584K), 2 survivors (4096K)
 Metaspace       used 79956K, committed 80768K, reserved 1179648K
  class space    used 11582K, committed 11968K, reserved 1048576K
}
Event: 1775.273 GC heap after
{Heap after GC invocations=27 (full 0):
 garbage-first heap   total 116736K, used 39152K [0x0000000744e00000, 0x0000000800000000)
  region size 2048K, 3 young (6144K), 3 survivors (6144K)
 Metaspace       used 79956K, committed 80768K, reserved 1179648K
  class space    used 11582K, committed 11968K, reserved 1048576K
}
Event: 2060.108 GC heap before
{Heap before GC invocations=27 (full 0):
 garbage-first heap   total 116736K, used 61680K [0x0000000744e00000, 0x0000000800000000)
  region size 2048K, 15 young (30720K), 3 survivors (6144K)
 Metaspace       used 79968K, committed 80768K, reserved 1179648K
  class space    used 11585K, committed 11968K, reserved 1048576K
}
Event: 2060.119 GC heap after
{Heap after GC invocations=28 (full 0):
 garbage-first heap   total 116736K, used 39237K [0x0000000744e00000, 0x0000000800000000)
  region size 2048K, 3 young (6144K), 3 survivors (6144K)
 Metaspace       used 79968K, committed 80768K, reserved 1179648K
  class space    used 11585K, committed 11968K, reserved 1048576K
}
Event: 2231.184 GC heap before
{Heap before GC invocations=29 (full 0):
 garbage-first heap   total 116736K, used 55621K [0x0000000744e00000, 0x0000000800000000)
  region size 2048K, 12 young (24576K), 3 survivors (6144K)
 Metaspace       used 79725K, committed 80768K, reserved 1179648K
  class space    used 11528K, committed 11968K, reserved 1048576K
}
Event: 2231.270 GC heap after
{Heap after GC invocations=30 (full 1):
 garbage-first heap   total 102400K, used 28587K [0x0000000744e00000, 0x0000000800000000)
  region size 2048K, 0 young (0K), 0 survivors (0K)
 Metaspace       used 79680K, committed 80768K, reserved 1179648K
  class space    used 11517K, committed 11968K, reserved 1048576K
}
Event: 2232.889 GC heap before
{Heap before GC invocations=30 (full 1):
 garbage-first heap   total 102400K, used 87979K [0x0000000744e00000, 0x0000000800000000)
  region size 2048K, 30 young (61440K), 0 survivors (0K)
 Metaspace       used 80060K, committed 80832K, reserved 1179648K
  class space    used 11589K, committed 11968K, reserved 1048576K
}
Event: 2232.902 GC heap after
{Heap after GC invocations=31 (full 1):
 garbage-first heap   total 102400K, used 35673K [0x0000000744e00000, 0x0000000800000000)
  region size 2048K, 4 young (8192K), 4 survivors (8192K)
 Metaspace       used 80060K, committed 80832K, reserved 1179648K
  class space    used 11589K, committed 11968K, reserved 1048576K
}
Event: 2252.313 GC heap before
{Heap before GC invocations=32 (full 1):
 garbage-first heap   total 102400K, used 66393K [0x0000000744e00000, 0x0000000800000000)
  region size 2048K, 20 young (40960K), 4 survivors (8192K)
 Metaspace       used 80396K, committed 81216K, reserved 1179648K
  class space    used 11613K, committed 12032K, reserved 1048576K
}
Event: 2252.372 GC heap after
{Heap after GC invocations=33 (full 2):
 garbage-first heap   total 102400K, used 34596K [0x0000000744e00000, 0x0000000800000000)
  region size 2048K, 0 young (0K), 0 survivors (0K)
 Metaspace       used 80372K, committed 81216K, reserved 1179648K
  class space    used 11609K, committed 12032K, reserved 1048576K
}
Event: 2252.827 GC heap before
{Heap before GC invocations=33 (full 2):
 garbage-first heap   total 102400K, used 85796K [0x0000000744e00000, 0x0000000800000000)
  region size 2048K, 26 young (53248K), 0 survivors (0K)
 Metaspace       used 80571K, committed 81344K, reserved 1179648K
  class space    used 11639K, committed 12032K, reserved 1048576K
}
Event: 2252.830 GC heap after
{Heap after GC invocations=34 (full 2):
 garbage-first heap   total 102400K, used 39575K [0x0000000744e00000, 0x0000000800000000)
  region size 2048K, 3 young (6144K), 3 survivors (6144K)
 Metaspace       used 80571K, committed 81344K, reserved 1179648K
  class space    used 11639K, committed 12032K, reserved 1048576K
}
Event: 2414.581 GC heap before
{Heap before GC invocations=35 (full 2):
 garbage-first heap   total 102400K, used 84631K [0x0000000744e00000, 0x0000000800000000)
  region size 2048K, 25 young (51200K), 3 survivors (6144K)
 Metaspace       used 80905K, committed 81664K, reserved 1179648K
  class space    used 11661K, committed 12032K, reserved 1048576K
}
Event: 2414.591 GC heap after
{Heap after GC invocations=36 (full 2):
 garbage-first heap   total 102400K, used 42097K [0x0000000744e00000, 0x0000000800000000)
  region size 2048K, 2 young (4096K), 2 survivors (4096K)
 Metaspace       used 80905K, committed 81664K, reserved 1179648K
  class space    used 11661K, committed 12032K, reserved 1048576K
}
Event: 2487.779 GC heap before
{Heap before GC invocations=36 (full 2):
 garbage-first heap   total 102400K, used 48241K [0x0000000744e00000, 0x0000000800000000)
  region size 2048K, 6 young (12288K), 2 survivors (4096K)
 Metaspace       used 80908K, committed 81664K, reserved 1179648K
  class space    used 11661K, committed 12032K, reserved 1048576K
}
Event: 2487.831 GC heap after
{Heap after GC invocations=37 (full 3):
 garbage-first heap   total 102400K, used 33645K [0x0000000744e00000, 0x0000000800000000)
  region size 2048K, 0 young (0K), 0 survivors (0K)
 Metaspace       used 80749K, committed 81664K, reserved 1179648K
  class space    used 11621K, committed 12032K, reserved 1048576K
}
Event: 2488.787 GC heap before
{Heap before GC invocations=37 (full 3):
 garbage-first heap   total 102400K, used 82797K [0x0000000744e00000, 0x0000000800000000)
  region size 2048K, 25 young (51200K), 0 survivors (0K)
 Metaspace       used 81046K, committed 81792K, reserved 1179648K
  class space    used 11684K, committed 12032K, reserved 1048576K
}
Event: 2488.792 GC heap after
{Heap after GC invocations=38 (full 3):
 garbage-first heap   total 102400K, used 39789K [0x0000000744e00000, 0x0000000800000000)
  region size 2048K, 3 young (6144K), 3 survivors (6144K)
 Metaspace       used 81046K, committed 81792K, reserved 1179648K
  class space    used 11684K, committed 12032K, reserved 1048576K
}
Event: 2535.166 GC heap before
{Heap before GC invocations=38 (full 3):
 garbage-first heap   total 102400K, used 84845K [0x0000000744e00000, 0x0000000800000000)
  region size 2048K, 25 young (51200K), 3 survivors (6144K)
 Metaspace       used 81564K, committed 82496K, reserved 1179648K
  class space    used 11736K, committed 12160K, reserved 1048576K
}

